DEBUG:root:debug...
INFO:root:info...
WARNING:root:warn...
ERROR:root:error...
CRITICAL:root:critical...
DEBUG:debug...
INFO:info...
WARNING:warn...
ERROR:error...
CRITICAL:critical...
2017-09-06 10:38:02,242 debug...
2017-09-06 10:38:02,249 info...
2017-09-06 10:38:02,249 warn...
2017-09-06 10:38:02,249 error...
2017-09-06 10:38:02,250 critical...
09/06/2017 10:38:38 AM debug...
09/06/2017 10:38:38 AM info...
09/06/2017 10:38:38 AM warn...
09/06/2017 10:38:38 AM error...
09/06/2017 10:38:38 AM critical...
<module> 09/06/2017 10:42:54 AM debug...
<module> 09/06/2017 10:42:54 AM info...
<module> 09/06/2017 10:42:54 AM warn...
<module> 09/06/2017 10:42:54 AM error...
<module> 09/06/2017 10:42:54 AM critical...
